0 info it worked if it ends with ok
1 verbose cli [ 'node', '/usr/local/bin/npm', 'start' ]
2 info using npm@1.4.14
3 info using node@v0.10.29
4 verbose run-script [ 'prestart', 'start', 'poststart' ]
5 info prestart game17@1.0.0
6 info start game17@1.0.0
7 verbose unsafe-perm in lifecycle true
8 info game17@1.0.0 Failed to exec start script
9 error game17@1.0.0 start: `webpack-dev-server`
9 error Exit status 8
10 error Failed at the game17@1.0.0 start script.
10 error This is most likely a problem with the game17 package,
10 error not with npm itself.
10 error Tell the author that this fails on your system:
10 error     webpack-dev-server
10 error You can get their info via:
10 error     npm owner ls game17
10 error There is likely additional logging output above.
11 error System Darwin 11.4.2
12 error command "node" "/usr/local/bin/npm" "start"
13 error cwd /Users/Nolan_/Code/lobby-game
14 error node -v v0.10.29
15 error npm -v 1.4.14
16 error code ELIFECYCLE
17 verbose exit [ 1, true ]
